FILE_TYPE=LIBRARY_PARTS;
PRIMITIVE 'IHLP4040DZER100M01','IHLP4040DZER100M01_Inductors Precision Moulded';
  PIN
    '1':
      PIN_NUMBER='(1)';
      NO_LOAD_CHECK=BOTH;
      NO_IO_CHECK=BOTH;
      ALLOW_CONNECT=TRUE;
      PINUSE='UNSPEC';
    '2':
      PIN_NUMBER='(2)';
      NO_LOAD_CHECK=BOTH;
      NO_IO_CHECK=BOTH;
      ALLOW_CONNECT=TRUE;
      PINUSE='UNSPEC';
  END_PIN;
  BODY
    PART_NAME='IHLP4040DZER100M01';
    PHYS_DES_PREFIX='L';
    NO_LOAD_CHECK='TRUE';
    PIN_COUNT='2';
    BODY_NAME='IHLP4040DZER100M01';
    JEDEC_TYPE='INDPM108102X400N';
  END_BODY;
END_PRIMITIVE;
END.
